Analysis & Synthesis report for FIR_Filter
Tue Apr 16 16:44:25 2019
Quartus Prime Version 17.1.0 Build 590 10/25/2017 SJ Lite Edition


---------------------
; Table of Contents ;
---------------------
  1. Legal Notice
  2. Analysis & Synthesis Summary
  3. Analysis & Synthesis Settings
  4. Parallel Compilation
  5. Analysis & Synthesis Source Files Read
  6. Analysis & Synthesis Resource Usage Summary
  7. Analysis & Synthesis Resource Utilization by Entity
  8. Registers Removed During Synthesis
  9. General Register Statistics
 10. Inverted Register Statistics
 11. Parameter Settings for Inferred Entity Instance: tap:tap_1|lpm_mult:Mult0
 12. lpm_mult Parameter Settings by Entity Instance
 13. Port Connectivity Checks: "tap:tap_2"
 14. Port Connectivity Checks: "tap:tap_1"
 15. Post-Synthesis Netlist Statistics for Top Partition
 16. Elapsed Time Per Partition
 17. Analysis & Synthesis Messages



----------------
; Legal Notice ;
----------------
Copyright (C) 2017  Intel Corporation. All rights reserved.
Your use of Intel Corporation's design tools, logic functions 
and other software and tools, and its AMPP partner logic 
functions, and any output files from any of the foregoing 
(including device programming or simulation files), and any 
associated documentation or information are expressly subject 
to the terms and conditions of the Intel Program License 
Subscription Agreement, the Intel Quartus Prime License Agreement,
the Intel FPGA IP License Agreement, or other applicable license
agreement, including, without limitation, that your use is for
the sole purpose of programming logic devices manufactured by
Intel and sold by Intel or its authorized distributors.  Please
refer to the applicable agreement for further details.



+----------------------------------------------------------------------------------+
; Analysis & Synthesis Summary                                                     ;
+------------------------------------+---------------------------------------------+
; Analysis & Synthesis Status        ; Successful - Tue Apr 16 16:44:25 2019       ;
; Quartus Prime Version              ; 17.1.0 Build 590 10/25/2017 SJ Lite Edition ;
; Revision Name                      ; FIR_Filter                                  ;
; Top-level Entity Name              ; top                                         ;
; Family                             ; Cyclone IV GX                               ;
; Total logic elements               ; 18                                          ;
;     Total combinational functions  ; 12                                          ;
;     Dedicated logic registers      ; 13                                          ;
; Total registers                    ; 13                                          ;
; Total pins                         ; 11                                          ;
; Total virtual pins                 ; 0                                           ;
; Total memory bits                  ; 0                                           ;
; Embedded Multiplier 9-bit elements ; 0                                           ;
; Total GXB Receiver Channel PCS     ; 0                                           ;
; Total GXB Receiver Channel PMA     ; 0                                           ;
; Total GXB Transmitter Channel PCS  ; 0                                           ;
; Total GXB Transmitter Channel PMA  ; 0                                           ;
; Total PLLs                         ; 0                                           ;
+------------------------------------+---------------------------------------------+


+----------------------------------------------------------------------------------------------------------------------+
; Analysis & Synthesis Settings                                                                                        ;
+----------------------------------------------------------------------------+--------------------+--------------------+
; Option                                                                     ; Setting            ; Default Value      ;
+----------------------------------------------------------------------------+--------------------+--------------------+
; Device                                                                     ; EP4CGX150DF31C7    ;                    ;
; Top-level entity name                                                      ; top                ; FIR_Filter         ;
; Family name                                                                ; Cyclone IV GX      ; Cyclone V          ;
; Use smart compilation                                                      ; Off                ; Off                ;
; Enable parallel Assembler and TimeQuest Timing Analyzer during compilation ; On                 ; On                 ;
; Enable compact report table                                                ; Off                ; Off                ;
; Restructure Multiplexers                                                   ; Auto               ; Auto               ;
; Create Debugging Nodes for IP Cores                                        ; Off                ; Off                ;
; Preserve fewer node names                                                  ; On                 ; On                 ;
; Intel FPGA IP Evaluation Mode                                              ; Enable             ; Enable             ;
; Verilog Version                                                            ; Verilog_2001       ; Verilog_2001       ;
; VHDL Version                                                               ; VHDL_1993          ; VHDL_1993          ;
; State Machine Processing                                                   ; Auto               ; Auto               ;
; Safe State Machine                                                         ; Off                ; Off                ;
; Extract Verilog State Machines                                             ; On                 ; On                 ;
; Extract VHDL State Machines                                                ; On                 ; On                 ;
; Ignore Verilog initial constructs                                          ; Off                ; Off                ;
; Iteration limit for constant Verilog loops                                 ; 5000               ; 5000               ;
; Iteration limit for non-constant Verilog loops                             ; 250                ; 250                ;
; Add Pass-Through Logic to Inferred RAMs                                    ; On                 ; On                 ;
; Infer RAMs from Raw Logic                                                  ; On                 ; On                 ;
; Parallel Synthesis                                                         ; On                 ; On                 ;
; DSP Block Balancing                                                        ; Auto               ; Auto               ;
; NOT Gate Push-Back                                                         ; On                 ; On                 ;
; Power-Up Don't Care                                                        ; On                 ; On                 ;
; Remove Redundant Logic Cells                                               ; Off                ; Off                ;
; Remove Duplicate Registers                                                 ; On                 ; On                 ;
; Ignore CARRY Buffers                                                       ; Off                ; Off                ;
; Ignore CASCADE Buffers                                                     ; Off                ; Off                ;
; Ignore GLOBAL Buffers                                                      ; Off                ; Off                ;
; Ignore ROW GLOBAL Buffers                                                  ; Off                ; Off                ;
; Ignore LCELL Buffers                                                       ; Off                ; Off                ;
; Ignore SOFT Buffers                                                        ; On                 ; On                 ;
; Limit AHDL Integers to 32 Bits                                             ; Off                ; Off                ;
; Optimization Technique                                                     ; Balanced           ; Balanced           ;
; Carry Chain Length                                                         ; 70                 ; 70                 ;
; Auto Carry Chains                                                          ; On                 ; On                 ;
; Auto Open-Drain Pins                                                       ; On                 ; On                 ;
; Perform WYSIWYG Primitive Resynthesis                                      ; Off                ; Off                ;
; Auto ROM Replacement                                                       ; On                 ; On                 ;
; Auto RAM Replacement                                                       ; On                 ; On                 ;
; Auto DSP Block Replacement                                                 ; On                 ; On                 ;
; Auto Shift Register Replacement                                            ; Auto               ; Auto               ;
; Allow Shift Register Merging across Hierarchies                            ; Auto               ; Auto               ;
; Auto Clock Enable Replacement                                              ; On                 ; On                 ;
; Strict RAM Replacement                                                     ; Off                ; Off                ;
; Allow Synchronous Control Signals                                          ; On                 ; On                 ;
; Force Use of Synchronous Clear Signals                                     ; Off                ; Off                ;
; Auto RAM Block Balancing                                                   ; On                 ; On                 ;
; Auto RAM to Logic Cell Conversion                                          ; Off                ; Off                ;
; Auto Resource Sharing                                                      ; Off                ; Off                ;
; Allow Any RAM Size For Recognition                                         ; Off                ; Off                ;
; Allow Any ROM Size For Recognition                                         ; Off                ; Off                ;
; Allow Any Shift Register Size For Recognition                              ; Off                ; Off                ;
; Use LogicLock Constraints during Resource Balancing                        ; On                 ; On                 ;
; Ignore translate_off and synthesis_off directives                          ; Off                ; Off                ;
; Timing-Driven Synthesis                                                    ; On                 ; On                 ;
; Report Parameter Settings                                                  ; On                 ; On                 ;
; Report Source Assignments                                                  ; On                 ; On                 ;
; Report Connectivity Checks                                                 ; On                 ; On                 ;
; Ignore Maximum Fan-Out Assignments                                         ; Off                ; Off                ;
; Synchronization Register Chain Length                                      ; 2                  ; 2                  ;
; Power Optimization During Synthesis                                        ; Normal compilation ; Normal compilation ;
; HDL message level                                                          ; Level2             ; Level2             ;
; Suppress Register Optimization Related Messages                            ; Off                ; Off                ;
; Number of Removed Registers Reported in Synthesis Report                   ; 5000               ; 5000               ;
; Number of Swept Nodes Reported in Synthesis Report                         ; 5000               ; 5000               ;
; Number of Inverted Registers Reported in Synthesis Report                  ; 100                ; 100                ;
; Clock MUX Protection                                                       ; On                 ; On                 ;
; Auto Gated Clock Conversion                                                ; Off                ; Off                ;
; Block Design Naming                                                        ; Auto               ; Auto               ;
; SDC constraint protection                                                  ; Off                ; Off                ;
; Synthesis Effort                                                           ; Auto               ; Auto               ;
; Shift Register Replacement - Allow Asynchronous Clear Signal               ; On                 ; On                 ;
; Pre-Mapping Resynthesis Optimization                                       ; Off                ; Off                ;
; Analysis & Synthesis Message Level                                         ; Medium             ; Medium             ;
; Disable Register Merging Across Hierarchies                                ; Auto               ; Auto               ;
; Resource Aware Inference For Block RAM                                     ; On                 ; On                 ;
+----------------------------------------------------------------------------+--------------------+--------------------+


+------------------------------------------+
; Parallel Compilation                     ;
+----------------------------+-------------+
; Processors                 ; Number      ;
+----------------------------+-------------+
; Number detected on machine ; 4           ;
; Maximum allowed            ; 4           ;
;                            ;             ;
; Average used               ; 1.00        ;
; Maximum used               ; 4           ;
;                            ;             ;
; Usage by Processor         ; % Time Used ;
;     Processor 1            ; 100.0%      ;
;     Processors 2-4         ;   0.0%      ;
+----------------------------+-------------+


+-----------------------------------------------------------------------------------------------------------------------------------------------------------------------------------------------+
; Analysis & Synthesis Source Files Read                                                                                                                                                        ;
+----------------------------------+-----------------+------------------------+-------------------------------------------------------------------------------------------------------+---------+
; File Name with User-Entered Path ; Used in Netlist ; File Type              ; File Name with Absolute Path                                                                          ; Library ;
+----------------------------------+-----------------+------------------------+-------------------------------------------------------------------------------------------------------+---------+
; tap.v                            ; yes             ; User Verilog HDL File  ; //Mac/Home/Desktop/Buffalo_Spring_2019/EE_450/Final_project/Verilog Implementation/tap.v              ;         ;
; top.v                            ; yes             ; User Verilog HDL File  ; //Mac/Home/Desktop/Buffalo_Spring_2019/EE_450/Final_project/Verilog Implementation/top.v              ;         ;
; Signal_Generator.v               ; yes             ; User Verilog HDL File  ; //Mac/Home/Desktop/Buffalo_Spring_2019/EE_450/Final_project/Verilog Implementation/Signal_Generator.v ;         ;
; lpm_mult.tdf                     ; yes             ; Megafunction           ; c:/intelfpga_lite/17.1/quartus/libraries/megafunctions/lpm_mult.tdf                                   ;         ;
; aglobal171.inc                   ; yes             ; Megafunction           ; c:/intelfpga_lite/17.1/quartus/libraries/megafunctions/aglobal171.inc                                 ;         ;
; lpm_add_sub.inc                  ; yes             ; Megafunction           ; c:/intelfpga_lite/17.1/quartus/libraries/megafunctions/lpm_add_sub.inc                                ;         ;
; multcore.inc                     ; yes             ; Megafunction           ; c:/intelfpga_lite/17.1/quartus/libraries/megafunctions/multcore.inc                                   ;         ;
; bypassff.inc                     ; yes             ; Megafunction           ; c:/intelfpga_lite/17.1/quartus/libraries/megafunctions/bypassff.inc                                   ;         ;
; altshift.inc                     ; yes             ; Megafunction           ; c:/intelfpga_lite/17.1/quartus/libraries/megafunctions/altshift.inc                                   ;         ;
; multcore.tdf                     ; yes             ; Megafunction           ; c:/intelfpga_lite/17.1/quartus/libraries/megafunctions/multcore.tdf                                   ;         ;
; csa_add.inc                      ; yes             ; Megafunction           ; c:/intelfpga_lite/17.1/quartus/libraries/megafunctions/csa_add.inc                                    ;         ;
; mpar_add.inc                     ; yes             ; Megafunction           ; c:/intelfpga_lite/17.1/quartus/libraries/megafunctions/mpar_add.inc                                   ;         ;
; muleabz.inc                      ; yes             ; Megafunction           ; c:/intelfpga_lite/17.1/quartus/libraries/megafunctions/muleabz.inc                                    ;         ;
; mul_lfrg.inc                     ; yes             ; Megafunction           ; c:/intelfpga_lite/17.1/quartus/libraries/megafunctions/mul_lfrg.inc                                   ;         ;
; mul_boothc.inc                   ; yes             ; Megafunction           ; c:/intelfpga_lite/17.1/quartus/libraries/megafunctions/mul_boothc.inc                                 ;         ;
; alt_ded_mult.inc                 ; yes             ; Megafunction           ; c:/intelfpga_lite/17.1/quartus/libraries/megafunctions/alt_ded_mult.inc                               ;         ;
; alt_ded_mult_y.inc               ; yes             ; Megafunction           ; c:/intelfpga_lite/17.1/quartus/libraries/megafunctions/alt_ded_mult_y.inc                             ;         ;
; dffpipe.inc                      ; yes             ; Megafunction           ; c:/intelfpga_lite/17.1/quartus/libraries/megafunctions/dffpipe.inc                                    ;         ;
; mpar_add.tdf                     ; yes             ; Megafunction           ; c:/intelfpga_lite/17.1/quartus/libraries/megafunctions/mpar_add.tdf                                   ;         ;
; altshift.tdf                     ; yes             ; Megafunction           ; c:/intelfpga_lite/17.1/quartus/libraries/megafunctions/altshift.tdf                                   ;         ;
+----------------------------------+-----------------+------------------------+-------------------------------------------------------------------------------------------------------+---------+


+---------------------------------------------+
; Analysis & Synthesis Resource Usage Summary ;
+--------------------------+------------------+
; Resource                 ; Usage            ;
+--------------------------+------------------+
; I/O pins                 ; 11               ;
;                          ;                  ;
; DSP block 9-bit elements ; 0                ;
;                          ;                  ;
; Maximum fan-out node     ; CLOCK_50~input   ;
; Maximum fan-out          ; 13               ;
; Total fan-out            ; 70               ;
; Average fan-out          ; 1.49             ;
+--------------------------+------------------+


+-----------------------------------------------------------------------------------------------------------------------------------------------------------------------------------------------------------------------------------------------------------+
; Analysis & Synthesis Resource Utilization by Entity                                                                                                                                                                                                       ;
+-------------------------------+---------------------+---------------------------+-------------+--------------+---------+-----------+-----------+------+--------------+--------------------------------------------------+------------------+--------------+
; Compilation Hierarchy Node    ; Combinational ALUTs ; Dedicated Logic Registers ; Memory Bits ; DSP Elements ; DSP 9x9 ; DSP 18x18 ; DSP 36x36 ; Pins ; Virtual Pins ; Full Hierarchy Name                              ; Entity Name      ; Library Name ;
+-------------------------------+---------------------+---------------------------+-------------+--------------+---------+-----------+-----------+------+--------------+--------------------------------------------------+------------------+--------------+
; |top                          ; 12 (0)              ; 13 (0)                    ; 0           ; 0            ; 0       ; 0         ; 0         ; 11   ; 0            ; |top                                             ; top              ; work         ;
;    |Signal_Generator:sig_gen| ; 2 (2)               ; 4 (4)                     ; 0           ; 0            ; 0       ; 0         ; 0         ; 0    ; 0            ; |top|Signal_Generator:sig_gen                    ; Signal_Generator ; work         ;
;    |tap:tap_1|                ; 4 (0)               ; 6 (6)                     ; 0           ; 0            ; 0       ; 0         ; 0         ; 0    ; 0            ; |top|tap:tap_1                                   ; tap              ; work         ;
;       |lpm_mult:Mult0|        ; 4 (0)               ; 0 (0)                     ; 0           ; 0            ; 0       ; 0         ; 0         ; 0    ; 0            ; |top|tap:tap_1|lpm_mult:Mult0                    ; lpm_mult         ; work         ;
;          |multcore:mult_core| ; 4 (4)               ; 0 (0)                     ; 0           ; 0            ; 0       ; 0         ; 0         ; 0    ; 0            ; |top|tap:tap_1|lpm_mult:Mult0|multcore:mult_core ; multcore         ; work         ;
;    |tap:tap_2|                ; 6 (6)               ; 3 (3)                     ; 0           ; 0            ; 0       ; 0         ; 0         ; 0    ; 0            ; |top|tap:tap_2                                   ; tap              ; work         ;
+-------------------------------+---------------------+---------------------------+-------------+--------------+---------+-----------+-----------+------+--------------+--------------------------------------------------+------------------+--------------+
Note: For table entries with two numbers listed, the numbers in parentheses indicate the number of resources of the given type used by the specific entity alone. The numbers listed outside of parentheses indicate the total resources of the given type used by the specific entity and all of its sub-entities in the hierarchy.


+----------------------------------------------------------------------------------------+
; Registers Removed During Synthesis                                                     ;
+---------------------------------------+------------------------------------------------+
; Register name                         ; Reason for Removal                             ;
+---------------------------------------+------------------------------------------------+
; tap:tap_2|product[4,5]                ; Stuck at GND due to stuck port data_in         ;
; tap:tap_1|product[5]                  ; Stuck at GND due to stuck port data_in         ;
; tap:tap_2|product[0]                  ; Stuck at GND due to stuck port data_in         ;
; Signal_Generator:sig_gen|sinAddr[0]   ; Merged with Signal_Generator:sig_gen|signal[0] ;
; Signal_Generator:sig_gen|signal[0]    ; Merged with tap:tap_1|o_dff[0]                 ;
; tap:tap_1|o_dff[0]                    ; Merged with tap:tap_2|product[1]               ;
; tap:tap_1|product[0]                  ; Merged with tap:tap_2|product[1]               ;
; Total Number of Removed Registers = 8 ;                                                ;
+---------------------------------------+------------------------------------------------+


+------------------------------------------------------+
; General Register Statistics                          ;
+----------------------------------------------+-------+
; Statistic                                    ; Value ;
+----------------------------------------------+-------+
; Total registers                              ; 13    ;
; Number of registers using Synchronous Clear  ; 0     ;
; Number of registers using Synchronous Load   ; 0     ;
; Number of registers using Asynchronous Clear ; 0     ;
; Number of registers using Asynchronous Load  ; 0     ;
; Number of registers using Clock Enable       ; 0     ;
; Number of registers using Preset             ; 0     ;
+----------------------------------------------+-------+


+--------------------------------------------------+
; Inverted Register Statistics                     ;
+----------------------------------------+---------+
; Inverted Register                      ; Fan out ;
+----------------------------------------+---------+
; tap:tap_2|product[1]                   ; 8       ;
; Total number of inverted registers = 1 ;         ;
+----------------------------------------+---------+


+--------------------------------------------------------------------------------------+
; Parameter Settings for Inferred Entity Instance: tap:tap_1|lpm_mult:Mult0            ;
+------------------------------------------------+---------------+---------------------+
; Parameter Name                                 ; Value         ; Type                ;
+------------------------------------------------+---------------+---------------------+
; AUTO_CARRY_CHAINS                              ; ON            ; AUTO_CARRY          ;
; IGNORE_CARRY_BUFFERS                           ; OFF           ; IGNORE_CARRY        ;
; AUTO_CASCADE_CHAINS                            ; ON            ; AUTO_CASCADE        ;
; IGNORE_CASCADE_BUFFERS                         ; OFF           ; IGNORE_CASCADE      ;
; LPM_WIDTHA                                     ; 3             ; Untyped             ;
; LPM_WIDTHB                                     ; 2             ; Untyped             ;
; LPM_WIDTHP                                     ; 5             ; Untyped             ;
; LPM_WIDTHR                                     ; 5             ; Untyped             ;
; LPM_WIDTHS                                     ; 1             ; Untyped             ;
; LPM_REPRESENTATION                             ; UNSIGNED      ; Untyped             ;
; LPM_PIPELINE                                   ; 0             ; Untyped             ;
; LATENCY                                        ; 0             ; Untyped             ;
; INPUT_A_IS_CONSTANT                            ; NO            ; Untyped             ;
; INPUT_B_IS_CONSTANT                            ; YES           ; Untyped             ;
; USE_EAB                                        ; OFF           ; Untyped             ;
; MAXIMIZE_SPEED                                 ; 5             ; Untyped             ;
; DEVICE_FAMILY                                  ; Cyclone IV GX ; Untyped             ;
; CARRY_CHAIN                                    ; MANUAL        ; Untyped             ;
; APEX20K_TECHNOLOGY_MAPPER                      ; LUT           ; TECH_MAPPER_APEX20K ;
; DEDICATED_MULTIPLIER_CIRCUITRY                 ; AUTO          ; Untyped             ;
; DEDICATED_MULTIPLIER_MIN_INPUT_WIDTH_FOR_AUTO  ; 0             ; Untyped             ;
; DEDICATED_MULTIPLIER_MIN_OUTPUT_WIDTH_FOR_AUTO ; 0             ; Untyped             ;
; CBXI_PARAMETER                                 ; NOTHING       ; Untyped             ;
; INPUT_A_FIXED_VALUE                            ; Bx            ; Untyped             ;
; INPUT_B_FIXED_VALUE                            ; Bx            ; Untyped             ;
; USE_AHDL_IMPLEMENTATION                        ; OFF           ; Untyped             ;
+------------------------------------------------+---------------+---------------------+
Note: In order to hide this table in the UI and the text report file, please set the "Show Parameter Settings in Synthesis Report" option in "Analysis and Synthesis Settings -> More Settings" to "Off".


+------------------------------------------------------------------+
; lpm_mult Parameter Settings by Entity Instance                   ;
+---------------------------------------+--------------------------+
; Name                                  ; Value                    ;
+---------------------------------------+--------------------------+
; Number of entity instances            ; 1                        ;
; Entity Instance                       ; tap:tap_1|lpm_mult:Mult0 ;
;     -- LPM_WIDTHA                     ; 3                        ;
;     -- LPM_WIDTHB                     ; 2                        ;
;     -- LPM_WIDTHP                     ; 5                        ;
;     -- LPM_REPRESENTATION             ; UNSIGNED                 ;
;     -- INPUT_A_IS_CONSTANT            ; NO                       ;
;     -- INPUT_B_IS_CONSTANT            ; YES                      ;
;     -- USE_EAB                        ; OFF                      ;
;     -- DEDICATED_MULTIPLIER_CIRCUITRY ; AUTO                     ;
;     -- INPUT_A_FIXED_VALUE            ; Bx                       ;
;     -- INPUT_B_FIXED_VALUE            ; Bx                       ;
+---------------------------------------+--------------------------+


+-----------------------------------------------------------------------------------------------------------------------------------------+
; Port Connectivity Checks: "tap:tap_2"                                                                                                   ;
+----------+--------+----------+----------------------------------------------------------------------------------------------------------+
; Port     ; Type   ; Severity ; Details                                                                                                  ;
+----------+--------+----------+----------------------------------------------------------------------------------------------------------+
; coeff[2] ; Input  ; Info     ; Stuck at GND                                                                                             ;
; coeff[1] ; Input  ; Info     ; Stuck at VCC                                                                                             ;
; coeff[0] ; Input  ; Info     ; Stuck at GND                                                                                             ;
; o_dff    ; Output ; Warning  ; Declared by entity but not connected by instance. Logic that only feeds a dangling port will be removed. ;
+----------+--------+----------+----------------------------------------------------------------------------------------------------------+


+-----------------------------------------------+
; Port Connectivity Checks: "tap:tap_1"         ;
+-------------+-------+----------+--------------+
; Port        ; Type  ; Severity ; Details      ;
+-------------+-------+----------+--------------+
; coeff[1..0] ; Input ; Info     ; Stuck at VCC ;
; coeff[2]    ; Input ; Info     ; Stuck at GND ;
; i_sum       ; Input ; Info     ; Stuck at GND ;
+-------------+-------+----------+--------------+


+-----------------------------------------------------+
; Post-Synthesis Netlist Statistics for Top Partition ;
+-----------------------+-----------------------------+
; Type                  ; Count                       ;
+-----------------------+-----------------------------+
; boundary_port         ; 11                          ;
; cycloneiii_ff         ; 13                          ;
;     plain             ; 13                          ;
; cycloneiii_lcell_comb ; 13                          ;
;     arith             ; 4                           ;
;         2 data inputs ; 1                           ;
;         3 data inputs ; 3                           ;
;     normal            ; 9                           ;
;         0 data inputs ; 2                           ;
;         1 data inputs ; 1                           ;
;         2 data inputs ; 3                           ;
;         3 data inputs ; 3                           ;
;                       ;                             ;
; Max LUT depth         ; 1.40                        ;
; Average LUT depth     ; 1.02                        ;
+-----------------------+-----------------------------+


+-------------------------------+
; Elapsed Time Per Partition    ;
+----------------+--------------+
; Partition Name ; Elapsed Time ;
+----------------+--------------+
; Top            ; 00:00:01     ;
+----------------+--------------+


+-------------------------------+
; Analysis & Synthesis Messages ;
+-------------------------------+
Info: *******************************************************************
Info: Running Quartus Prime Analysis & Synthesis
    Info: Version 17.1.0 Build 590 10/25/2017 SJ Lite Edition
    Info: Processing started: Tue Apr 16 16:44:08 2019
Info: Command: quartus_map --read_settings_files=on --write_settings_files=off FIR_Filter -c FIR_Filter
Warning (18236): Number of processors has not been specified which may cause overloading on shared machines.  Set the global assignment NUM_PARALLEL_PROCESSORS in your QSF to an appropriate value for best performance.
Info (20030): Parallel compilation is enabled and will use 4 of the 4 processors detected
Info (12021): Found 1 design units, including 1 entities, in source file tap.v
    Info (12023): Found entity 1: tap File: //Mac/Home/Desktop/Buffalo_Spring_2019/EE_450/Final_project/Verilog Implementation/tap.v Line: 1
Info (12021): Found 1 design units, including 1 entities, in source file shift_tap.v
    Info (12023): Found entity 1: shift_tap File: //Mac/Home/Desktop/Buffalo_Spring_2019/EE_450/Final_project/Verilog Implementation/shift_tap.v Line: 1
Info (12021): Found 1 design units, including 1 entities, in source file zero_tap.v
    Info (12023): Found entity 1: zero_tap File: //Mac/Home/Desktop/Buffalo_Spring_2019/EE_450/Final_project/Verilog Implementation/zero_tap.v Line: 1
Info (12021): Found 1 design units, including 1 entities, in source file top.v
    Info (12023): Found entity 1: top File: //Mac/Home/Desktop/Buffalo_Spring_2019/EE_450/Final_project/Verilog Implementation/top.v Line: 1
Info (12021): Found 1 design units, including 1 entities, in source file signal_generator.v
    Info (12023): Found entity 1: Signal_Generator File: //Mac/Home/Desktop/Buffalo_Spring_2019/EE_450/Final_project/Verilog Implementation/Signal_Generator.v Line: 1
Info (12127): Elaborating entity "top" for the top level hierarchy
Info (12128): Elaborating entity "Signal_Generator" for hierarchy "Signal_Generator:sig_gen" File: //Mac/Home/Desktop/Buffalo_Spring_2019/EE_450/Final_project/Verilog Implementation/top.v Line: 19
Info (12128): Elaborating entity "tap" for hierarchy "tap:tap_1" File: //Mac/Home/Desktop/Buffalo_Spring_2019/EE_450/Final_project/Verilog Implementation/top.v Line: 28
Info (278001): Inferred 1 megafunctions from design logic
    Info (278003): Inferred multiplier megafunction ("lpm_mult") from the following logic: "tap:tap_1|Mult0" File: //Mac/Home/Desktop/Buffalo_Spring_2019/EE_450/Final_project/Verilog Implementation/tap.v Line: 15
Info (12130): Elaborated megafunction instantiation "tap:tap_1|lpm_mult:Mult0" File: //Mac/Home/Desktop/Buffalo_Spring_2019/EE_450/Final_project/Verilog Implementation/tap.v Line: 15
Info (12133): Instantiated megafunction "tap:tap_1|lpm_mult:Mult0" with the following parameter: File: //Mac/Home/Desktop/Buffalo_Spring_2019/EE_450/Final_project/Verilog Implementation/tap.v Line: 15
    Info (12134): Parameter "LPM_WIDTHA" = "3"
    Info (12134): Parameter "LPM_WIDTHB" = "2"
    Info (12134): Parameter "LPM_WIDTHP" = "5"
    Info (12134): Parameter "LPM_WIDTHR" = "5"
    Info (12134): Parameter "LPM_WIDTHS" = "1"
    Info (12134): Parameter "LPM_REPRESENTATION" = "UNSIGNED"
    Info (12134): Parameter "INPUT_A_IS_CONSTANT" = "NO"
    Info (12134): Parameter "INPUT_B_IS_CONSTANT" = "YES"
    Info (12134): Parameter "MAXIMIZE_SPEED" = "5"
Info (12131): Elaborated megafunction instantiation "tap:tap_1|lpm_mult:Mult0|multcore:mult_core", which is child of megafunction instantiation "tap:tap_1|lpm_mult:Mult0" File: c:/intelfpga_lite/17.1/quartus/libraries/megafunctions/lpm_mult.tdf Line: 308
Info (12131): Elaborated megafunction instantiation "tap:tap_1|lpm_mult:Mult0|multcore:mult_core|mpar_add:padder", which is child of megafunction instantiation "tap:tap_1|lpm_mult:Mult0" File: c:/intelfpga_lite/17.1/quartus/libraries/megafunctions/multcore.tdf Line: 228
Info (12131): Elaborated megafunction instantiation "tap:tap_1|lpm_mult:Mult0|altshift:external_latency_ffs", which is child of megafunction instantiation "tap:tap_1|lpm_mult:Mult0" File: c:/intelfpga_lite/17.1/quartus/libraries/megafunctions/lpm_mult.tdf Line: 351
Warning (12241): 1 hierarchies have connectivity warnings - see the Connectivity Checks report folder
Warning (13024): Output pins are stuck at VCC or GND
    Warning (13410): Pin "result[6]" is stuck at GND File: //Mac/Home/Desktop/Buffalo_Spring_2019/EE_450/Final_project/Verilog Implementation/top.v Line: 5
    Warning (13410): Pin "result[7]" is stuck at GND File: //Mac/Home/Desktop/Buffalo_Spring_2019/EE_450/Final_project/Verilog Implementation/top.v Line: 5
    Warning (13410): Pin "result[8]" is stuck at GND File: //Mac/Home/Desktop/Buffalo_Spring_2019/EE_450/Final_project/Verilog Implementation/top.v Line: 5
    Warning (13410): Pin "result[9]" is stuck at GND File: //Mac/Home/Desktop/Buffalo_Spring_2019/EE_450/Final_project/Verilog Implementation/top.v Line: 5
Info (286030): Timing-Driven Synthesis is running
Info (16010): Generating hard_block partition "hard_block:auto_generated_inst"
    Info (16011): Adding 0 node(s), including 0 DDIO, 0 PLL, 0 transceiver and 0 LCELL
Info (21057): Implemented 29 device resources after synthesis - the final resource count might be different
    Info (21058): Implemented 1 input pins
    Info (21059): Implemented 10 output pins
    Info (21061): Implemented 18 logic cells
Info: Quartus Prime Analysis & Synthesis was successful. 0 errors, 7 warnings
    Info: Peak virtual memory: 761 megabytes
    Info: Processing ended: Tue Apr 16 16:44:25 2019
    Info: Elapsed time: 00:00:17
    Info: Total CPU time (on all processors): 00:00:33


